0 info it worked if it ends with ok
1 verbose cli [ '/usr/local/bin/node', '/usr/local/bin/npm', 'run', 'serve' ]
2 info using npm@3.10.8
3 info using node@v6.9.1
4 verbose run-script [ 'preserve', 'serve', 'postserve' ]
5 info lifecycle webpack-node-react-starter@1.0.0~preserve: webpack-node-react-starter@1.0.0
6 silly lifecycle webpack-node-react-starter@1.0.0~preserve: no script for preserve, continuing
7 info lifecycle webpack-node-react-starter@1.0.0~serve: webpack-node-react-starter@1.0.0
8 verbose lifecycle webpack-node-react-starter@1.0.0~serve: unsafe-perm in lifecycle true
9 verbose lifecycle webpack-node-react-starter@1.0.0~serve: PATH: /usr/local/lib/node_modules/npm/bin/node-gyp-bin:/Users/jvestolas/Documents/My Stuff/webpack-node-react-starter/node_modules/.bin:/Library/Frameworks/Python.framework/Versions/3.5/bin:/Users/jvestolas/.npm-global/bin:/usr/local/bin:/usr/bin:/bin:/usr/sbin:/sbin
10 verbose lifecycle webpack-node-react-starter@1.0.0~serve: CWD: /Users/jvestolas/Documents/My Stuff/webpack-node-react-starter
11 silly lifecycle webpack-node-react-starter@1.0.0~serve: Args: [ '-c',
11 silly lifecycle   'rm -rf build && webpack --config webpack/webpack.dev.js --env development && nodemon server.js --exec babel-node' ]
12 silly lifecycle webpack-node-react-starter@1.0.0~serve: Returned: code: 2  signal: null
13 info lifecycle webpack-node-react-starter@1.0.0~serve: Failed to exec serve script
14 verbose stack Error: webpack-node-react-starter@1.0.0 serve: `rm -rf build && webpack --config webpack/webpack.dev.js --env development && nodemon server.js --exec babel-node`
14 verbose stack Exit status 2
14 verbose stack     at EventEmitter.<anonymous> (/usr/local/lib/node_modules/npm/lib/utils/lifecycle.js:255:16)
14 verbose stack     at emitTwo (events.js:106:13)
14 verbose stack     at EventEmitter.emit (events.js:191:7)
14 verbose stack     at ChildProcess.<anonymous> (/usr/local/lib/node_modules/npm/lib/utils/spawn.js:40:14)
14 verbose stack     at emitTwo (events.js:106:13)
14 verbose stack     at ChildProcess.emit (events.js:191:7)
14 verbose stack     at maybeClose (internal/child_process.js:877:16)
14 verbose stack     at Process.ChildProcess._handle.onexit (internal/child_process.js:226:5)
15 verbose pkgid webpack-node-react-starter@1.0.0
16 verbose cwd /Users/jvestolas/Documents/My Stuff/webpack-node-react-starter
17 error Darwin 16.3.0
18 error argv "/usr/local/bin/node" "/usr/local/bin/npm" "run" "serve"
19 error node v6.9.1
20 error npm  v3.10.8
21 error code ELIFECYCLE
22 error webpack-node-react-starter@1.0.0 serve: `rm -rf build && webpack --config webpack/webpack.dev.js --env development && nodemon server.js --exec babel-node`
22 error Exit status 2
23 error Failed at the webpack-node-react-starter@1.0.0 serve script 'rm -rf build && webpack --config webpack/webpack.dev.js --env development && nodemon server.js --exec babel-node'.
23 error Make sure you have the latest version of node.js and npm installed.
23 error If you do, this is most likely a problem with the webpack-node-react-starter package,
23 error not with npm itself.
23 error Tell the author that this fails on your system:
23 error     rm -rf build && webpack --config webpack/webpack.dev.js --env development && nodemon server.js --exec babel-node
23 error You can get information on how to open an issue for this project with:
23 error     npm bugs webpack-node-react-starter
23 error Or if that isn't available, you can get their info via:
23 error     npm owner ls webpack-node-react-starter
23 error There is likely additional logging output above.
24 verbose exit [ 1, true ]
